<?xml version="1.0" encoding="UTF-8"?>
<testng-results ignored="0" total="3" passed="3" failed="0" skipped="0">
  <reporter-output>
  </reporter-output>
  <suite started-at="2023-06-08T23:51:06 IST" name="Default suite" finished-at="2023-06-08T23:52:12 IST" duration-ms="65992">
    <groups>
      <group name="cucumber">
        <method signature="AbstractTestNGCucumberTests.runScenario(io.cucumber.testng.PickleWrapper,io.cucumber.testng.FeatureWrapper)[pri:0, instance:testrunner.LandingPage_TestRunner1@2e385cce]" name="runScenario" class="io.cucumber.testng.AbstractTestNGCucumberTests"/>
      </group> <!-- cucumber -->
    </groups>
    <test started-at="2023-06-08T23:51:06 IST" name="Default test" finished-at="2023-06-08T23:52:12 IST" duration-ms="65992">
      <class name="testrunner.LandingPage_TestRunner1">
        <test-method is-config="true" signature="setUpClass(org.testng.ITestContext)[pri:0, instance:testrunner.LandingPage_TestRunner1@2e385cce]" started-at="2023-06-08T23:51:06 IST" name="setUpClass" finished-at="2023-06-08T23:51:07 IST" duration-ms="585" status="PASS">
          <params>
            <param index="0">
              <value>
                <![CDATA[org.testng.TestRunner@35bd8bc9]]>
              </value>
            </param>
          </params>
          <reporter-output>
          </reporter-output>
        </test-method> <!-- setUpClass -->
        <test-method signature="runScenario(io.cucumber.testng.PickleWrapper,io.cucumber.testng.FeatureWrapper)[pri:0, instance:testrunner.LandingPage_TestRunner1@2e385cce]" started-at="2023-06-08T23:51:07 IST" name="runScenario" description="Runs Cucumber Scenarios" data-provider="scenarios" finished-at="2023-06-08T23:51:24 IST" duration-ms="17213" status="PASS">
          <params>
            <param index="0">
              <value>
                <![CDATA["Validate User navigates to Landing Page"]]>
              </value>
            </param>
            <param index="1">
              <value>
                <![CDATA["Landing"]]>
              </value>
            </param>
          </params>
          <reporter-output>
          </reporter-output>
        </test-method> <!-- runScenario -->
        <test-method signature="runScenario(io.cucumber.testng.PickleWrapper,io.cucumber.testng.FeatureWrapper)[pri:0, instance:testrunner.LandingPage_TestRunner1@2e385cce]" started-at="2023-06-08T23:51:24 IST" name="runScenario" description="Runs Cucumber Scenarios" data-provider="scenarios" finished-at="2023-06-08T23:51:37 IST" duration-ms="13181" status="PASS">
          <params>
            <param index="0">
              <value>
                <![CDATA["Validate Landing Page UI"]]>
              </value>
            </param>
            <param index="1">
              <value>
                <![CDATA["Landing"]]>
              </value>
            </param>
          </params>
          <reporter-output>
          </reporter-output>
        </test-method> <!-- runScenario -->
        <test-method signature="runScenario(io.cucumber.testng.PickleWrapper,io.cucumber.testng.FeatureWrapper)[pri:0, instance:testrunner.LandingPage_TestRunner1@2e385cce]" started-at="2023-06-08T23:51:37 IST" name="runScenario" description="Runs Cucumber Scenarios" data-provider="scenarios" finished-at="2023-06-08T23:52:12 IST" duration-ms="34920" status="PASS">
          <params>
            <param index="0">
              <value>
                <![CDATA["Validate Landing page fields(Login button is clickable)"]]>
              </value>
            </param>
            <param index="1">
              <value>
                <![CDATA["Landing"]]>
              </value>
            </param>
          </params>
          <reporter-output>
          </reporter-output>
        </test-method> <!-- runScenario -->
        <test-method is-config="true" signature="tearDownClass()[pri:0, instance:testrunner.LandingPage_TestRunner1@2e385cce]" started-at="2023-06-08T23:52:12 IST" name="tearDownClass" finished-at="2023-06-08T23:52:12 IST" duration-ms="65" status="PASS">
          <reporter-output>
          </reporter-output>
        </test-method> <!-- tearDownClass -->
      </class> <!-- testrunner.LandingPage_TestRunner1 -->
    </test> <!-- Default test -->
  </suite> <!-- Default suite -->
</testng-results>
